Analysis & Synthesis report for uwuMachine
Fri Apr 24 13:12:19 2020
Quartus Prime Version 18.1.0 Build 625 09/12/2018 SJ Lite Edition


---------------------
; Table of Contents ;
---------------------
  1. Legal Notice
  2. Analysis & Synthesis Summary
  3. Analysis & Synthesis Settings
  4. Parallel Compilation
  5. Analysis & Synthesis Source Files Read
  6. Analysis & Synthesis Resource Usage Summary
  7. Analysis & Synthesis Resource Utilization by Entity
  8. General Register Statistics
  9. Post-Synthesis Netlist Statistics for Top Partition
 10. Elapsed Time Per Partition
 11. Analysis & Synthesis Messages



----------------
; Legal Notice ;
----------------
Copyright (C) 2018  Intel Corporation. All rights reserved.
Your use of Intel Corporation's design tools, logic functions 
and other software and tools, and its AMPP partner logic 
functions, and any output files from any of the foregoing 
(including device programming or simulation files), and any 
associated documentation or information are expressly subject 
to the terms and conditions of the Intel Program License 
Subscription Agreement, the Intel Quartus Prime License Agreement,
the Intel FPGA IP License Agreement, or other applicable license
agreement, including, without limitation, that your use is for
the sole purpose of programming logic devices manufactured by
Intel and sold by Intel or its authorized distributors.  Please
refer to the applicable agreement for further details.



+----------------------------------------------------------------------------------+
; Analysis & Synthesis Summary                                                     ;
+------------------------------------+---------------------------------------------+
; Analysis & Synthesis Status        ; Successful - Fri Apr 24 13:12:19 2020       ;
; Quartus Prime Version              ; 18.1.0 Build 625 09/12/2018 SJ Lite Edition ;
; Revision Name                      ; uwuMachine                                  ;
; Top-level Entity Name              ; uwuMachine                                  ;
; Family                             ; MAX 10                                      ;
; Total logic elements               ; 3                                           ;
;     Total combinational functions  ; 1                                           ;
;     Dedicated logic registers      ; 2                                           ;
; Total registers                    ; 2                                           ;
; Total pins                         ; 34                                          ;
; Total virtual pins                 ; 0                                           ;
; Total memory bits                  ; 0                                           ;
; Embedded Multiplier 9-bit elements ; 0                                           ;
; Total PLLs                         ; 0                                           ;
; UFM blocks                         ; 0                                           ;
; ADC blocks                         ; 0                                           ;
+------------------------------------+---------------------------------------------+


+------------------------------------------------------------------------------------------------------------+
; Analysis & Synthesis Settings                                                                              ;
+------------------------------------------------------------------+--------------------+--------------------+
; Option                                                           ; Setting            ; Default Value      ;
+------------------------------------------------------------------+--------------------+--------------------+
; Device                                                           ; 10M50DAF484C7G     ;                    ;
; Top-level entity name                                            ; uwuMachine         ; uwuMachine         ;
; Family name                                                      ; MAX 10             ; Cyclone V          ;
; Use smart compilation                                            ; Off                ; Off                ;
; Enable parallel Assembler and Timing Analyzer during compilation ; On                 ; On                 ;
; Enable compact report table                                      ; Off                ; Off                ;
; Restructure Multiplexers                                         ; Auto               ; Auto               ;
; Create Debugging Nodes for IP Cores                              ; Off                ; Off                ;
; Preserve fewer node names                                        ; On                 ; On                 ;
; Intel FPGA IP Evaluation Mode                                    ; Enable             ; Enable             ;
; Verilog Version                                                  ; Verilog_2001       ; Verilog_2001       ;
; VHDL Version                                                     ; VHDL_1993          ; VHDL_1993          ;
; State Machine Processing                                         ; Auto               ; Auto               ;
; Safe State Machine                                               ; Off                ; Off                ;
; Extract Verilog State Machines                                   ; On                 ; On                 ;
; Extract VHDL State Machines                                      ; On                 ; On                 ;
; Ignore Verilog initial constructs                                ; Off                ; Off                ;
; Iteration limit for constant Verilog loops                       ; 5000               ; 5000               ;
; Iteration limit for non-constant Verilog loops                   ; 250                ; 250                ;
; Add Pass-Through Logic to Inferred RAMs                          ; On                 ; On                 ;
; Infer RAMs from Raw Logic                                        ; On                 ; On                 ;
; Parallel Synthesis                                               ; On                 ; On                 ;
; DSP Block Balancing                                              ; Auto               ; Auto               ;
; NOT Gate Push-Back                                               ; On                 ; On                 ;
; Power-Up Don't Care                                              ; On                 ; On                 ;
; Remove Redundant Logic Cells                                     ; Off                ; Off                ;
; Remove Duplicate Registers                                       ; On                 ; On                 ;
; Ignore CARRY Buffers                                             ; Off                ; Off                ;
; Ignore CASCADE Buffers                                           ; Off                ; Off                ;
; Ignore GLOBAL Buffers                                            ; Off                ; Off                ;
; Ignore ROW GLOBAL Buffers                                        ; Off                ; Off                ;
; Ignore LCELL Buffers                                             ; Off                ; Off                ;
; Ignore SOFT Buffers                                              ; On                 ; On                 ;
; Limit AHDL Integers to 32 Bits                                   ; Off                ; Off                ;
; Optimization Technique                                           ; Balanced           ; Balanced           ;
; Carry Chain Length                                               ; 70                 ; 70                 ;
; Auto Carry Chains                                                ; On                 ; On                 ;
; Auto Open-Drain Pins                                             ; On                 ; On                 ;
; Perform WYSIWYG Primitive Resynthesis                            ; Off                ; Off                ;
; Auto ROM Replacement                                             ; On                 ; On                 ;
; Auto RAM Replacement                                             ; On                 ; On                 ;
; Auto DSP Block Replacement                                       ; On                 ; On                 ;
; Auto Shift Register Replacement                                  ; Auto               ; Auto               ;
; Allow Shift Register Merging across Hierarchies                  ; Auto               ; Auto               ;
; Auto Clock Enable Replacement                                    ; On                 ; On                 ;
; Strict RAM Replacement                                           ; Off                ; Off                ;
; Allow Synchronous Control Signals                                ; On                 ; On                 ;
; Force Use of Synchronous Clear Signals                           ; Off                ; Off                ;
; Auto RAM Block Balancing                                         ; On                 ; On                 ;
; Auto RAM to Logic Cell Conversion                                ; Off                ; Off                ;
; Auto Resource Sharing                                            ; Off                ; Off                ;
; Allow Any RAM Size For Recognition                               ; Off                ; Off                ;
; Allow Any ROM Size For Recognition                               ; Off                ; Off                ;
; Allow Any Shift Register Size For Recognition                    ; Off                ; Off                ;
; Use LogicLock Constraints during Resource Balancing              ; On                 ; On                 ;
; Ignore translate_off and synthesis_off directives                ; Off                ; Off                ;
; Timing-Driven Synthesis                                          ; On                 ; On                 ;
; Report Parameter Settings                                        ; On                 ; On                 ;
; Report Source Assignments                                        ; On                 ; On                 ;
; Report Connectivity Checks                                       ; On                 ; On                 ;
; Ignore Maximum Fan-Out Assignments                               ; Off                ; Off                ;
; Synchronization Register Chain Length                            ; 2                  ; 2                  ;
; Power Optimization During Synthesis                              ; Normal compilation ; Normal compilation ;
; HDL message level                                                ; Level2             ; Level2             ;
; Suppress Register Optimization Related Messages                  ; Off                ; Off                ;
; Number of Removed Registers Reported in Synthesis Report         ; 5000               ; 5000               ;
; Number of Swept Nodes Reported in Synthesis Report               ; 5000               ; 5000               ;
; Number of Inverted Registers Reported in Synthesis Report        ; 100                ; 100                ;
; Clock MUX Protection                                             ; On                 ; On                 ;
; Auto Gated Clock Conversion                                      ; Off                ; Off                ;
; Block Design Naming                                              ; Auto               ; Auto               ;
; SDC constraint protection                                        ; Off                ; Off                ;
; Synthesis Effort                                                 ; Auto               ; Auto               ;
; Shift Register Replacement - Allow Asynchronous Clear Signal     ; On                 ; On                 ;
; Pre-Mapping Resynthesis Optimization                             ; Off                ; Off                ;
; Analysis & Synthesis Message Level                               ; Medium             ; Medium             ;
; Disable Register Merging Across Hierarchies                      ; Auto               ; Auto               ;
; Resource Aware Inference For Block RAM                           ; On                 ; On                 ;
+------------------------------------------------------------------+--------------------+--------------------+


+------------------------------------------+
; Parallel Compilation                     ;
+----------------------------+-------------+
; Processors                 ; Number      ;
+----------------------------+-------------+
; Number detected on machine ; 12          ;
; Maximum allowed            ; 6           ;
;                            ;             ;
; Average used               ; 1.00        ;
; Maximum used               ; 1           ;
;                            ;             ;
; Usage by Processor         ; % Time Used ;
;     Processor 1            ; 100.0%      ;
+----------------------------+-------------+


+-----------------------------------------------------------------------------------------------------------------------------------------------------------------+
; Analysis & Synthesis Source Files Read                                                                                                                          ;
+----------------------------------+-----------------+-----------------------+--------------------------------------------------------------------------+---------+
; File Name with User-Entered Path ; Used in Netlist ; File Type             ; File Name with Absolute Path                                             ; Library ;
+----------------------------------+-----------------+-----------------------+--------------------------------------------------------------------------+---------+
; uwuMachine.vhd                   ; yes             ; User VHDL File        ; C:/Users/kaize/Desktop/Spring 2020/Digital Circuits/Final/uwuMachine.vhd ;         ;
; jk_ff.vhd                        ; yes             ; Auto-Found VHDL File  ; C:/Users/kaize/Desktop/Spring 2020/Digital Circuits/Final/jk_ff.vhd      ;         ;
+----------------------------------+-----------------+-----------------------+--------------------------------------------------------------------------+---------+


+----------------------------------------------------------------------+
; Analysis & Synthesis Resource Usage Summary                          ;
+---------------------------------------------+------------------------+
; Resource                                    ; Usage                  ;
+---------------------------------------------+------------------------+
; Estimated Total logic elements              ; 3                      ;
;                                             ;                        ;
; Total combinational functions               ; 1                      ;
; Logic element usage by number of LUT inputs ;                        ;
;     -- 4 input functions                    ; 0                      ;
;     -- 3 input functions                    ; 0                      ;
;     -- <=2 input functions                  ; 1                      ;
;                                             ;                        ;
; Logic elements by mode                      ;                        ;
;     -- normal mode                          ; 1                      ;
;     -- arithmetic mode                      ; 0                      ;
;                                             ;                        ;
; Total registers                             ; 2                      ;
;     -- Dedicated logic registers            ; 2                      ;
;     -- I/O registers                        ; 0                      ;
;                                             ;                        ;
; I/O pins                                    ; 34                     ;
;                                             ;                        ;
; Embedded Multiplier 9-bit elements          ; 0                      ;
;                                             ;                        ;
; Maximum fan-out node                        ; JK_FF:jk0|intermediate ;
; Maximum fan-out                             ; 10                     ;
; Total fan-out                               ; 58                     ;
; Average fan-out                             ; 0.82                   ;
+---------------------------------------------+------------------------+


+--------------------------------------------------------------------------------------------------------------------------------------------------------------------------------------------------------------------------------------+
; Analysis & Synthesis Resource Utilization by Entity                                                                                                                                                                                  ;
+----------------------------+---------------------+---------------------------+-------------+------------+--------------+---------+-----------+------+--------------+------------+-----------------------+-------------+--------------+
; Compilation Hierarchy Node ; Combinational ALUTs ; Dedicated Logic Registers ; Memory Bits ; UFM Blocks ; DSP Elements ; DSP 9x9 ; DSP 18x18 ; Pins ; Virtual Pins ; ADC blocks ; Full Hierarchy Name   ; Entity Name ; Library Name ;
+----------------------------+---------------------+---------------------------+-------------+------------+--------------+---------+-----------+------+--------------+------------+-----------------------+-------------+--------------+
; |uwuMachine                ; 1 (1)               ; 2 (0)                     ; 0           ; 0          ; 0            ; 0       ; 0         ; 34   ; 0            ; 0          ; |uwuMachine           ; uwuMachine  ; work         ;
;    |JK_FF:jk0|             ; 0 (0)               ; 1 (1)                     ; 0           ; 0          ; 0            ; 0       ; 0         ; 0    ; 0            ; 0          ; |uwuMachine|JK_FF:jk0 ; JK_FF       ; work         ;
;    |JK_FF:jk1|             ; 0 (0)               ; 1 (1)                     ; 0           ; 0          ; 0            ; 0       ; 0         ; 0    ; 0            ; 0          ; |uwuMachine|JK_FF:jk1 ; JK_FF       ; work         ;
+----------------------------+---------------------+---------------------------+-------------+------------+--------------+---------+-----------+------+--------------+------------+-----------------------+-------------+--------------+
Note: For table entries with two numbers listed, the numbers in parentheses indicate the number of resources of the given type used by the specific entity alone. The numbers listed outside of parentheses indicate the total resources of the given type used by the specific entity and all of its sub-entities in the hierarchy.


+------------------------------------------------------+
; General Register Statistics                          ;
+----------------------------------------------+-------+
; Statistic                                    ; Value ;
+----------------------------------------------+-------+
; Total registers                              ; 2     ;
; Number of registers using Synchronous Clear  ; 0     ;
; Number of registers using Synchronous Load   ; 0     ;
; Number of registers using Asynchronous Clear ; 2     ;
; Number of registers using Asynchronous Load  ; 0     ;
; Number of registers using Clock Enable       ; 0     ;
; Number of registers using Preset             ; 0     ;
+----------------------------------------------+-------+


+-----------------------------------------------------+
; Post-Synthesis Netlist Statistics for Top Partition ;
+-----------------------+-----------------------------+
; Type                  ; Count                       ;
+-----------------------+-----------------------------+
; boundary_port         ; 34                          ;
; cycloneiii_ff         ; 2                           ;
;     CLR               ; 2                           ;
; cycloneiii_lcell_comb ; 6                           ;
;     normal            ; 6                           ;
;         0 data inputs ; 2                           ;
;         1 data inputs ; 3                           ;
;         2 data inputs ; 1                           ;
;                       ;                             ;
; Max LUT depth         ; 2.00                        ;
; Average LUT depth     ; 0.83                        ;
+-----------------------+-----------------------------+


+-------------------------------+
; Elapsed Time Per Partition    ;
+----------------+--------------+
; Partition Name ; Elapsed Time ;
+----------------+--------------+
; Top            ; 00:00:00     ;
+----------------+--------------+


+-------------------------------+
; Analysis & Synthesis Messages ;
+-------------------------------+
Info: *******************************************************************
Info: Running Quartus Prime Analysis & Synthesis
    Info: Version 18.1.0 Build 625 09/12/2018 SJ Lite Edition
    Info: Processing started: Fri Apr 24 13:12:10 2020
Info: Command: quartus_map --read_settings_files=on --write_settings_files=off uwuMachine -c uwuMachine
Warning (18236): Number of processors has not been specified which may cause overloading on shared machines.  Set the global assignment NUM_PARALLEL_PROCESSORS in your QSF to an appropriate value for best performance.
Info (20030): Parallel compilation is enabled and will use 6 of the 6 processors detected
Info (12021): Found 2 design units, including 1 entities, in source file uwumachine.vhd
    Info (12022): Found design unit 1: uwuMachine-seq File: C:/Users/kaize/Desktop/Spring 2020/Digital Circuits/Final/uwuMachine.vhd Line: 13
    Info (12023): Found entity 1: uwuMachine File: C:/Users/kaize/Desktop/Spring 2020/Digital Circuits/Final/uwuMachine.vhd Line: 4
Info (12127): Elaborating entity "uwuMachine" for the top level hierarchy
Warning (10492): VHDL Process Statement warning at uwuMachine.vhd(41): signal "q1" is read inside the Process Statement but isn't in the Process Statement's sensitivity list File: C:/Users/kaize/Desktop/Spring 2020/Digital Circuits/Final/uwuMachine.vhd Line: 41
Warning (10492): VHDL Process Statement warning at uwuMachine.vhd(41): signal "q0" is read inside the Process Statement but isn't in the Process Statement's sensitivity list File: C:/Users/kaize/Desktop/Spring 2020/Digital Circuits/Final/uwuMachine.vhd Line: 41
Warning (10492): VHDL Process Statement warning at uwuMachine.vhd(48): signal "q1" is read inside the Process Statement but isn't in the Process Statement's sensitivity list File: C:/Users/kaize/Desktop/Spring 2020/Digital Circuits/Final/uwuMachine.vhd Line: 48
Warning (10492): VHDL Process Statement warning at uwuMachine.vhd(48): signal "q0" is read inside the Process Statement but isn't in the Process Statement's sensitivity list File: C:/Users/kaize/Desktop/Spring 2020/Digital Circuits/Final/uwuMachine.vhd Line: 48
Warning (10492): VHDL Process Statement warning at uwuMachine.vhd(54): signal "q1" is read inside the Process Statement but isn't in the Process Statement's sensitivity list File: C:/Users/kaize/Desktop/Spring 2020/Digital Circuits/Final/uwuMachine.vhd Line: 54
Warning (10492): VHDL Process Statement warning at uwuMachine.vhd(54): signal "q0" is read inside the Process Statement but isn't in the Process Statement's sensitivity list File: C:/Users/kaize/Desktop/Spring 2020/Digital Circuits/Final/uwuMachine.vhd Line: 54
Warning (10492): VHDL Process Statement warning at uwuMachine.vhd(60): signal "q1" is read inside the Process Statement but isn't in the Process Statement's sensitivity list File: C:/Users/kaize/Desktop/Spring 2020/Digital Circuits/Final/uwuMachine.vhd Line: 60
Warning (10492): VHDL Process Statement warning at uwuMachine.vhd(60): signal "q0" is read inside the Process Statement but isn't in the Process Statement's sensitivity list File: C:/Users/kaize/Desktop/Spring 2020/Digital Circuits/Final/uwuMachine.vhd Line: 60
Warning (10631): VHDL Process Statement warning at uwuMachine.vhd(39): inferring latch(es) for signal or variable "p0", which holds its previous value in one or more paths through the process File: C:/Users/kaize/Desktop/Spring 2020/Digital Circuits/Final/uwuMachine.vhd Line: 39
Warning (10631): VHDL Process Statement warning at uwuMachine.vhd(39): inferring latch(es) for signal or variable "p1", which holds its previous value in one or more paths through the process File: C:/Users/kaize/Desktop/Spring 2020/Digital Circuits/Final/uwuMachine.vhd Line: 39
Warning (10631): VHDL Process Statement warning at uwuMachine.vhd(39): inferring latch(es) for signal or variable "p2", which holds its previous value in one or more paths through the process File: C:/Users/kaize/Desktop/Spring 2020/Digital Circuits/Final/uwuMachine.vhd Line: 39
Warning (10631): VHDL Process Statement warning at uwuMachine.vhd(39): inferring latch(es) for signal or variable "p3", which holds its previous value in one or more paths through the process File: C:/Users/kaize/Desktop/Spring 2020/Digital Circuits/Final/uwuMachine.vhd Line: 39
Info (10041): Inferred latch for "p3[0]" at uwuMachine.vhd(39) File: C:/Users/kaize/Desktop/Spring 2020/Digital Circuits/Final/uwuMachine.vhd Line: 39
Info (10041): Inferred latch for "p3[1]" at uwuMachine.vhd(39) File: C:/Users/kaize/Desktop/Spring 2020/Digital Circuits/Final/uwuMachine.vhd Line: 39
Info (10041): Inferred latch for "p3[2]" at uwuMachine.vhd(39) File: C:/Users/kaize/Desktop/Spring 2020/Digital Circuits/Final/uwuMachine.vhd Line: 39
Info (10041): Inferred latch for "p3[3]" at uwuMachine.vhd(39) File: C:/Users/kaize/Desktop/Spring 2020/Digital Circuits/Final/uwuMachine.vhd Line: 39
Info (10041): Inferred latch for "p3[4]" at uwuMachine.vhd(39) File: C:/Users/kaize/Desktop/Spring 2020/Digital Circuits/Final/uwuMachine.vhd Line: 39
Info (10041): Inferred latch for "p3[5]" at uwuMachine.vhd(39) File: C:/Users/kaize/Desktop/Spring 2020/Digital Circuits/Final/uwuMachine.vhd Line: 39
Info (10041): Inferred latch for "p3[6]" at uwuMachine.vhd(39) File: C:/Users/kaize/Desktop/Spring 2020/Digital Circuits/Final/uwuMachine.vhd Line: 39
Info (10041): Inferred latch for "p2[0]" at uwuMachine.vhd(39) File: C:/Users/kaize/Desktop/Spring 2020/Digital Circuits/Final/uwuMachine.vhd Line: 39
Info (10041): Inferred latch for "p2[1]" at uwuMachine.vhd(39) File: C:/Users/kaize/Desktop/Spring 2020/Digital Circuits/Final/uwuMachine.vhd Line: 39
Info (10041): Inferred latch for "p2[2]" at uwuMachine.vhd(39) File: C:/Users/kaize/Desktop/Spring 2020/Digital Circuits/Final/uwuMachine.vhd Line: 39
Info (10041): Inferred latch for "p2[3]" at uwuMachine.vhd(39) File: C:/Users/kaize/Desktop/Spring 2020/Digital Circuits/Final/uwuMachine.vhd Line: 39
Info (10041): Inferred latch for "p2[4]" at uwuMachine.vhd(39) File: C:/Users/kaize/Desktop/Spring 2020/Digital Circuits/Final/uwuMachine.vhd Line: 39
Info (10041): Inferred latch for "p2[5]" at uwuMachine.vhd(39) File: C:/Users/kaize/Desktop/Spring 2020/Digital Circuits/Final/uwuMachine.vhd Line: 39
Info (10041): Inferred latch for "p2[6]" at uwuMachine.vhd(39) File: C:/Users/kaize/Desktop/Spring 2020/Digital Circuits/Final/uwuMachine.vhd Line: 39
Info (10041): Inferred latch for "p1[0]" at uwuMachine.vhd(39) File: C:/Users/kaize/Desktop/Spring 2020/Digital Circuits/Final/uwuMachine.vhd Line: 39
Info (10041): Inferred latch for "p1[1]" at uwuMachine.vhd(39) File: C:/Users/kaize/Desktop/Spring 2020/Digital Circuits/Final/uwuMachine.vhd Line: 39
Info (10041): Inferred latch for "p1[2]" at uwuMachine.vhd(39) File: C:/Users/kaize/Desktop/Spring 2020/Digital Circuits/Final/uwuMachine.vhd Line: 39
Info (10041): Inferred latch for "p1[3]" at uwuMachine.vhd(39) File: C:/Users/kaize/Desktop/Spring 2020/Digital Circuits/Final/uwuMachine.vhd Line: 39
Info (10041): Inferred latch for "p1[4]" at uwuMachine.vhd(39) File: C:/Users/kaize/Desktop/Spring 2020/Digital Circuits/Final/uwuMachine.vhd Line: 39
Info (10041): Inferred latch for "p1[5]" at uwuMachine.vhd(39) File: C:/Users/kaize/Desktop/Spring 2020/Digital Circuits/Final/uwuMachine.vhd Line: 39
Info (10041): Inferred latch for "p1[6]" at uwuMachine.vhd(39) File: C:/Users/kaize/Desktop/Spring 2020/Digital Circuits/Final/uwuMachine.vhd Line: 39
Info (10041): Inferred latch for "p0[0]" at uwuMachine.vhd(39) File: C:/Users/kaize/Desktop/Spring 2020/Digital Circuits/Final/uwuMachine.vhd Line: 39
Info (10041): Inferred latch for "p0[1]" at uwuMachine.vhd(39) File: C:/Users/kaize/Desktop/Spring 2020/Digital Circuits/Final/uwuMachine.vhd Line: 39
Info (10041): Inferred latch for "p0[2]" at uwuMachine.vhd(39) File: C:/Users/kaize/Desktop/Spring 2020/Digital Circuits/Final/uwuMachine.vhd Line: 39
Info (10041): Inferred latch for "p0[3]" at uwuMachine.vhd(39) File: C:/Users/kaize/Desktop/Spring 2020/Digital Circuits/Final/uwuMachine.vhd Line: 39
Info (10041): Inferred latch for "p0[4]" at uwuMachine.vhd(39) File: C:/Users/kaize/Desktop/Spring 2020/Digital Circuits/Final/uwuMachine.vhd Line: 39
Info (10041): Inferred latch for "p0[5]" at uwuMachine.vhd(39) File: C:/Users/kaize/Desktop/Spring 2020/Digital Circuits/Final/uwuMachine.vhd Line: 39
Info (10041): Inferred latch for "p0[6]" at uwuMachine.vhd(39) File: C:/Users/kaize/Desktop/Spring 2020/Digital Circuits/Final/uwuMachine.vhd Line: 39
Warning (12125): Using design file jk_ff.vhd, which is not specified as a design file for the current project, but contains definitions for 2 design units and 1 entities in project
    Info (12022): Found design unit 1: JK_FF-seq File: C:/Users/kaize/Desktop/Spring 2020/Digital Circuits/Final/jk_ff.vhd Line: 13
    Info (12023): Found entity 1: JK_FF File: C:/Users/kaize/Desktop/Spring 2020/Digital Circuits/Final/jk_ff.vhd Line: 5
Info (12128): Elaborating entity "JK_FF" for hierarchy "JK_FF:jk0" File: C:/Users/kaize/Desktop/Spring 2020/Digital Circuits/Final/uwuMachine.vhd Line: 30
Warning (13024): Output pins are stuck at VCC or GND
    Warning (13410): Pin "HEX3[0]" is stuck at VCC File: C:/Users/kaize/Desktop/Spring 2020/Digital Circuits/Final/uwuMachine.vhd Line: 8
    Warning (13410): Pin "HEX3[1]" is stuck at VCC File: C:/Users/kaize/Desktop/Spring 2020/Digital Circuits/Final/uwuMachine.vhd Line: 8
    Warning (13410): Pin "HEX3[2]" is stuck at GND File: C:/Users/kaize/Desktop/Spring 2020/Digital Circuits/Final/uwuMachine.vhd Line: 8
    Warning (13410): Pin "HEX3[3]" is stuck at GND File: C:/Users/kaize/Desktop/Spring 2020/Digital Circuits/Final/uwuMachine.vhd Line: 8
    Warning (13410): Pin "HEX3[4]" is stuck at GND File: C:/Users/kaize/Desktop/Spring 2020/Digital Circuits/Final/uwuMachine.vhd Line: 8
    Warning (13410): Pin "HEX3[5]" is stuck at VCC File: C:/Users/kaize/Desktop/Spring 2020/Digital Circuits/Final/uwuMachine.vhd Line: 8
    Warning (13410): Pin "HEX3[6]" is stuck at VCC File: C:/Users/kaize/Desktop/Spring 2020/Digital Circuits/Final/uwuMachine.vhd Line: 8
    Warning (13410): Pin "HEX2[0]" is stuck at VCC File: C:/Users/kaize/Desktop/Spring 2020/Digital Circuits/Final/uwuMachine.vhd Line: 8
    Warning (13410): Pin "HEX2[1]" is stuck at VCC File: C:/Users/kaize/Desktop/Spring 2020/Digital Circuits/Final/uwuMachine.vhd Line: 8
    Warning (13410): Pin "HEX2[2]" is stuck at GND File: C:/Users/kaize/Desktop/Spring 2020/Digital Circuits/Final/uwuMachine.vhd Line: 8
    Warning (13410): Pin "HEX2[3]" is stuck at GND File: C:/Users/kaize/Desktop/Spring 2020/Digital Circuits/Final/uwuMachine.vhd Line: 8
    Warning (13410): Pin "HEX2[4]" is stuck at GND File: C:/Users/kaize/Desktop/Spring 2020/Digital Circuits/Final/uwuMachine.vhd Line: 8
    Warning (13410): Pin "HEX2[5]" is stuck at VCC File: C:/Users/kaize/Desktop/Spring 2020/Digital Circuits/Final/uwuMachine.vhd Line: 8
    Warning (13410): Pin "HEX2[6]" is stuck at VCC File: C:/Users/kaize/Desktop/Spring 2020/Digital Circuits/Final/uwuMachine.vhd Line: 8
Info (286030): Timing-Driven Synthesis is running
Info (16010): Generating hard_block partition "hard_block:auto_generated_inst"
    Info (16011): Adding 0 node(s), including 0 DDIO, 0 PLL, 0 transceiver and 0 LCELL
Info (21057): Implemented 37 device resources after synthesis - the final resource count might be different
    Info (21058): Implemented 4 input pins
    Info (21059): Implemented 30 output pins
    Info (21061): Implemented 3 logic cells
Info: Quartus Prime Analysis & Synthesis was successful. 0 errors, 29 warnings
    Info: Peak virtual memory: 4794 megabytes
    Info: Processing ended: Fri Apr 24 13:12:19 2020
    Info: Elapsed time: 00:00:09
    Info: Total CPU time (on all processors): 00:00:18


